1 data/exact_002.gr
lower bound 6
opt         6
s. space    3128
time        7 ms
diff space  0
diff time   1 ms

2 data/exact_004.gr
lower bound 7
opt         7
s. space    34987
time        93 ms
diff space  0
diff time   2 ms

3 data/exact_006.gr
lower bound 7
opt         7
s. space    4052907
time        1203 ms
diff space  0
diff time   4 ms

4 data/exact_008.gr
lower bound 7
opt         10
s. space    9133
time        9 ms
diff space  0
diff time   -6 ms

5 data/exact_010.gr
lower bound 6
opt         6
s. space    205840
time        541 ms
diff space  0
diff time   7 ms

6 data/exact_012.gr
lower bound 7
opt         8
s. space    828468
time        301 ms
diff space  0
diff time   -1 ms

7 data/exact_014.gr
lower bound 7
opt         8
s. space    924885
time        317 ms
diff space  0
diff time   8 ms

8 data/exact_016.gr
lower bound 7
opt         8
s. space    1645589
time        576 ms
diff space  0
diff time   0 ms

9 data/exact_018.gr
Command '['./cmake-build-release/main', '-v']' timed out after 59.99997832000372 seconds

10 data/exact_020.gr
lower bound 4
opt         5
s. space    3201813
time        17259 ms
diff space  0
diff time   -140 ms

11 data/exact_022.gr
SUCCESS: solved instance 11!
lower bound 4
opt         5
s. space    17910
time        22599 ms
diff space  17910
diff time   22599 ms

12 data/exact_024.gr
lower bound 5
opt         5
s. space    91078
time        18271 ms
diff space  -4
diff time   10230 ms

13 data/exact_026.gr
lower bound 4
opt         4
s. space    35287576
time        23841 ms
diff space  -1
diff time   5552 ms

14 data/exact_028.gr
lower bound 3
opt         3
s. space    31979
time        7138 ms
diff space  -1
diff time   3556 ms

15 data/exact_030.gr
Command '['./cmake-build-release/main', '-v']' timed out after 59.99997385099414 seconds

16 data/exact_032.gr
Command '['./cmake-build-release/main', '-v']' timed out after 59.99997549399268 seconds

17 data/exact_034.gr
lower bound 4
opt         4
s. space    4281
time        6291 ms
diff space  -24
diff time   244 ms

18 data/exact_036.gr
lower bound 3
opt         3
s. space    7139
time        5770 ms
diff space  -51133
diff time   3192 ms

19 data/exact_038.gr
lower bound 3
opt         3
s. space    276136
time        7297 ms
diff space  -6
diff time   3995 ms

20 data/exact_040.gr
SUCCESS: solved instance 20!
lower bound 2
opt         3
s. space    3002
time        6734 ms
diff space  3002
diff time   6734 ms

21 data/exact_042.gr
lower bound 3
opt         3
s. space    146136
time        6451 ms
diff space  -3
diff time   3397 ms

22 data/exact_044.gr
lower bound 2
opt         2
s. space    23486
time        3236 ms
diff space  -34135
diff time   1771 ms

23 data/exact_046.gr
Command '['./cmake-build-release/main', '-v']' timed out after 59.99995869300619 seconds

24 data/exact_048.gr
lower bound 3
opt         3
s. space    112164
time        2535 ms
diff space  0
diff time   18 ms

25 data/exact_050.gr
lower bound 2
opt         2
s. space    53960
time        4158 ms
diff space  -6
diff time   2136 ms

26 data/exact_052.gr
SUCCESS: solved instance 26!
WARNING: found other solution for 26 (3 instead of 0)
lower bound 2
opt         3
s. space    7153
time        6089 ms
diff space  7153
diff time   6089 ms

27 data/exact_054.gr
lower bound 5
opt         5
s. space    677211
time        11850 ms
diff space  340474
diff time   1080 ms

28 data/exact_056.gr
lower bound 2
opt         2
s. space    68849
time        9371 ms
diff space  -4366
diff time   7180 ms

29 data/exact_058.gr
Command '['./cmake-build-release/main', '-v']' timed out after 59.9999759850034 seconds

30 data/exact_060.gr
Command '['./cmake-build-release/main', '-v']' timed out after 59.999975744998665 seconds

31 data/exact_062.gr
lower bound 2
opt         2
s. space    2533
time        1628 ms
diff space  -5783
diff time   -63 ms

32 data/exact_064.gr
lower bound 2
opt         2
s. space    48
time        2565 ms
diff space  -28772
diff time   44 ms

33 data/exact_066.gr
lower bound 2
opt         2
s. space    10541
time        4040 ms
diff space  -59513
diff time   -9 ms

34 data/exact_068.gr
lower bound 2
opt         2
s. space    2107
time        5561 ms
diff space  -8931
diff time   4042 ms

100 data/exact_200.gr
lower bound 0
opt         0
s. space    5000
time        282 ms
diff space  -15000
diff time   99 ms

num solved 29
new solved [11, 20, 26]
new lost []
